[debug] [2022-05-16T06:55:13.165Z] ----------------------------------------------------------------------
[debug] [2022-05-16T06:55:13.169Z] Command:       D:\node.exe C:\Users\Lenovo\AppData\Roaming\npm\node_modules\firebase-tools\lib\bin\firebase.js init
[debug] [2022-05-16T06:55:13.170Z] CLI Version:   10.8.0
[debug] [2022-05-16T06:55:13.170Z] Platform:      win32
[debug] [2022-05-16T06:55:13.171Z] Node Version:  v14.18.0
[debug] [2022-05-16T06:55:13.172Z] Time:          Mon May 16 2022 12:25:13 GMT+0530 (India Standard Time)
[debug] [2022-05-16T06:55:13.173Z] ----------------------------------------------------------------------
[debug] 
[debug] [2022-05-16T06:55:13.311Z] > command requires scopes: ["email","openid","https://www.googleapis.com/auth/cloudplatformprojects.readonly","https://www.googleapis.com/auth/firebase","https://www.googleapis.com/auth/cloud-platform"]
[debug] [2022-05-16T06:55:13.312Z] > authorizing via signed-in user (sionc140720@gmail.com)
[info] 
     ######## #### ########  ######## ########     ###     ######  ########
     ##        ##  ##     ## ##       ##     ##  ##   ##  ##       ##
     ######    ##  ########  ######   ########  #########  ######  ######
     ##        ##  ##    ##  ##       ##     ## ##     ##       ## ##
     ##       #### ##     ## ######## ########  ##     ##  ######  ########

You're about to initialize a Firebase project in this directory:

  D:\Programs\VS Code Prog\Full Stack Udemy Course programs\olx

Before we get started, keep in mind:

  * You are initializing within an existing Firebase project directory

[info] 
=== Project Setup
[info] 
[info] First, let's associate this project directory with a Firebase project.
[info] You can create multiple project aliases by running firebase use --add, 
[info] but for now we'll just set up a default project.
[info] 
[debug] [2022-05-16T07:00:12.702Z] Using project from CLI flag: olx-sijeesh
[debug] [2022-05-16T07:00:12.708Z] >>> [apiv2][query] GET https://firebase.googleapis.com/v1beta1/projects/olx-sijeesh [none]
[debug] [2022-05-16T07:00:13.617Z] <<< [apiv2][status] GET https://firebase.googleapis.com/v1beta1/projects/olx-sijeesh 403
[debug] [2022-05-16T07:00:13.617Z] <<< [apiv2][body] GET https://firebase.googleapis.com/v1beta1/projects/olx-sijeesh {"error":{"code":403,"message":"The caller does not have permission","status":"PERMISSION_DENIED"}}
[debug] [2022-05-16T07:00:13.618Z] HTTP Error: 403, The caller does not have permission
[debug] [2022-05-16T07:00:13.830Z] FirebaseError: HTTP Error: 403, The caller does not have permission
    at module.exports (C:\Users\Lenovo\AppData\Roaming\npm\node_modules\firebase-tools\lib\responseToError.js:47:12)
    at RetryOperation._fn (C:\Users\Lenovo\AppData\Roaming\npm\node_modules\firebase-tools\lib\apiv2.js:286:39)
    at processTicksAndRejections (internal/process/task_queues.js:95:5)
[error] 
[error] Error: Failed to get Firebase project olx-sijeesh. Please make sure the project exists and your account has permission to access it.
